

<!DOCTYPE html>
<html>
<head>
<meta charset="UTF-8">
<meta name="viewport" content="width=device-width, initial-scale=1, shrink-to-fit=no">
<title></title>
<link rel="apple-touch-icon" href="https://cdn.jsdelivr.net/gh/extent-framework/extent-github-cdn@b00a2d0486596e73dd7326beacf352c639623a0e/commons/img/logo.png">
<link rel="shortcut icon" href="https://cdn.jsdelivr.net/gh/extent-framework/extent-github-cdn@b00a2d0486596e73dd7326beacf352c639623a0e/commons/img/logo.png">
<link href="https://cdn.jsdelivr.net/gh/extent-framework/extent-github-cdn@ce8b10435bcbae260c334c0d0c6b61d2c19b6168/spark/css/spark-style.css" rel="stylesheet" />
<link href="https://stackpath.bootstrapcdn.com/font-awesome/4.7.0/css/font-awesome.min.css" rel="stylesheet">
<script src="https://cdn.jsdelivr.net/gh/extent-framework/extent-github-cdn@7cc78ce/spark/js/jsontree.js"></script>
<style type="text/css"></style></head><body class="spa -report standard">
  <div class="app">
    <div class="layout">
<div class="header navbar">
<div class="vheader">
<div class="nav-logo">
<a href="#">
<div class="logo" style="background-image: url('https://cdn.jsdelivr.net/gh/extent-framework/extent-github-cdn@b00a2d0486596e73dd7326beacf352c639623a0e/commons/img/logo.png')"></div>
</a>
</div>
<ul class="nav-left">
<li class="search-box">
<a class="search-toggle" href="#">
<i class="search-icon fa fa-search"></i>
<i class="search-icon-close fa fa-close"></i>
</a>
</li>
<li class="search-input"><input id="search-tests" class="form-control" type="text" placeholder="Search..."></li>
</ul>
<ul class="nav-right">
<li class="m-r-10">
<a href="#"><span class="badge badge-primary"></span></a>
</li>
<li class="m-r-10">
<a href="#"><span class="badge badge-primary">Feb 19, 2025 05:46:15 PM</span></a>
</li>
</ul>
</div>
</div><div class="side-nav">
<div class="side-nav-inner">
<ul class="side-nav-menu">
<li class="nav-item dropdown" onclick="toggleView('test-view')">
<a id="nav-test" class="dropdown-toggle" href="#">
<span class="ico"><i class="fa fa-list"></i></span>
</a>
</li>
<li class="nav-item dropdown" onclick="toggleView('dashboard-view')">
<a id="nav-dashboard" class="dropdown-toggle" href="#">
<span class="ico"><i class="fa fa-bar-chart"></i></span>
</a>
</li>
</ul>
</div>
</div>      <div class="vcontainer">
        <div class="main-content">
<div class="test-wrapper row view test-view">
  <div class="test-list">
    <div class="test-list-tools">
<ul class="tools pull-left">
<li><a href="#"><span class="font-size-14">Tests</span></a></li>
</ul>
<ul class="tools text-right">
<li class="dropdown">
<a href="#" class="dropdown-toggle" data-toggle="dropdown"><i class="fa fa-exclamation-circle"></i></a>
<ul id="status-toggle" class="dropdown-menu dropdown-md p-v-0">
<a class="dropdown-item" status="fail" href="#"><span>Fail</span><span class="status danger"></span></a>
<a class="dropdown-item" status="warning" href="#"><span>Warning</span><span class="status warning"></span></a>
<div class="dropdown-divider"></div>
<a status="clear" class="dropdown-item" href="#"><span>Clear</span><span class="pull-right"><i class="fa fa-close"></i></span></a>
</ul>
</li>
</ul>
</div>    <div class="test-list-wrapper scrollable">
      <ul class="test-list-item">
        <li class="test-item"  status="warning" test-id="1"
          author=""
          tag=""
          device="">
          <div class="test-detail">
            <p class="name">Verify that user can see Enter Mobile Number Text on the Login screen</p>
            <p class="text-sm">
              <span>5:46:16 PM</span> / <span>00:00:01:735</span>
              <span class="badge warning-bg log float-right">Warning</span>
            </p>
          </div>
          <div class="test-contents d-none">
<div class="detail-head">
<div class="p-v-10">
<div class="info">
<h5 class="test-status text-warning">Verify that user can see Enter Mobile Number Text on the Login screen</h5>
<span class='badge badge-success'>02.19.2025 5:46:16 PM</span>
<span class='badge badge-danger'>02.19.2025 5:46:17 PM</span>
<span class='badge badge-default'>00:00:01:735</span>
&middot; <span class='uri-anchor badge badge-default'>#test-id=1</span>
<span title='Skip to the next failed step' class='badge badge-danger pointer float-right ne ml-1'><i class="fa fa-fast-forward"></i></span>
<span title='Collapse all nodes' class='badge badge-default pointer float-right ct ml-1'><i class="fa fa-compress"></i></span>
<span title='Expand all nodes' class='badge badge-default pointer float-right et'><i class="fa fa-expand"></i></span>
</div>
</div>
</div><div class="detail-body mt-4">
<table class="table table-sm">
  <thead><tr><th class="status-col">Status</th><th class="timestamp-col">Timestamp</th><th class="details-col">Details</th></tr></thead>
  <tbody>
      <tr class="event-row">
        <td><span class="badge log info-bg">Info</span></td>
        <td>5:46:16 PM</td>
        <td>
          Checking Login page Text........
        </td>
      </tr>
      <tr class="event-row">
        <td><span class="badge log pass-bg">Pass</span></td>
        <td>5:46:17 PM</td>
        <td>
          Verify that text found successfully
        </td>
      </tr>
      <tr class="event-row">
        <td><span class="badge log pass-bg">Pass</span></td>
        <td>5:46:17 PM</td>
        <td>
          Test Passed
        </td>
      </tr>
      <tr class="event-row">
        <td><span class="badge log warning-bg">Warning</span></td>
        <td>5:46:17 PM</td>
        <td>
          Screenshot capture failed: C:\Users\admin\Desktop\3wautomation\automation-mobile\src\test\resources\screenshots\testTextField.jpeg (The system cannot find the path specified)
        </td>
      </tr>
      <tr class="event-row">
        <td><span class="badge log pass-bg">Pass</span></td>
        <td>5:46:17 PM</td>
        <td>
          Test Passed
        </td>
      </tr>
  </tbody>
</table>
</div>
          </div>
        </li>
        <li class="test-item"  status="warning" test-id="2"
          author=""
          tag=""
          device="">
          <div class="test-detail">
            <p class="name">Verify that the system not able to move forward with less than 10 digit</p>
            <p class="text-sm">
              <span>5:46:17 PM</span> / <span>00:00:02:979</span>
              <span class="badge warning-bg log float-right">Warning</span>
            </p>
          </div>
          <div class="test-contents d-none">
<div class="detail-head">
<div class="p-v-10">
<div class="info">
<h5 class="test-status text-warning">Verify that the system not able to move forward with less than 10 digit</h5>
<span class='badge badge-success'>02.19.2025 5:46:17 PM</span>
<span class='badge badge-danger'>02.19.2025 5:46:20 PM</span>
<span class='badge badge-default'>00:00:02:979</span>
&middot; <span class='uri-anchor badge badge-default'>#test-id=2</span>
<span title='Skip to the next failed step' class='badge badge-danger pointer float-right ne ml-1'><i class="fa fa-fast-forward"></i></span>
<span title='Collapse all nodes' class='badge badge-default pointer float-right ct ml-1'><i class="fa fa-compress"></i></span>
<span title='Expand all nodes' class='badge badge-default pointer float-right et'><i class="fa fa-expand"></i></span>
</div>
</div>
</div><div class="detail-body mt-4">
<table class="table table-sm">
  <thead><tr><th class="status-col">Status</th><th class="timestamp-col">Timestamp</th><th class="details-col">Details</th></tr></thead>
  <tbody>
      <tr class="event-row">
        <td><span class="badge log pass-bg">Pass</span></td>
        <td>5:46:20 PM</td>
        <td>
          Test Passed
        </td>
      </tr>
      <tr class="event-row">
        <td><span class="badge log warning-bg">Warning</span></td>
        <td>5:46:20 PM</td>
        <td>
          Screenshot capture failed: C:\Users\admin\Desktop\3wautomation\automation-mobile\src\test\resources\screenshots\wrongMobileNumber.jpeg (The system cannot find the path specified)
        </td>
      </tr>
      <tr class="event-row">
        <td><span class="badge log pass-bg">Pass</span></td>
        <td>5:46:20 PM</td>
        <td>
          Test Passed
        </td>
      </tr>
  </tbody>
</table>
</div>
          </div>
        </li>
        <li class="test-item"  status="warning" test-id="3"
          author=""
          tag=""
          device="">
          <div class="test-detail">
            <p class="name">Verify that the user can enter 10 digit mobile number in the Mobile Number field</p>
            <p class="text-sm">
              <span>5:46:20 PM</span> / <span>00:00:02:338</span>
              <span class="badge warning-bg log float-right">Warning</span>
            </p>
          </div>
          <div class="test-contents d-none">
<div class="detail-head">
<div class="p-v-10">
<div class="info">
<h5 class="test-status text-warning">Verify that the user can enter 10 digit mobile number in the Mobile Number field</h5>
<span class='badge badge-success'>02.19.2025 5:46:20 PM</span>
<span class='badge badge-danger'>02.19.2025 5:46:23 PM</span>
<span class='badge badge-default'>00:00:02:338</span>
&middot; <span class='uri-anchor badge badge-default'>#test-id=3</span>
<span title='Skip to the next failed step' class='badge badge-danger pointer float-right ne ml-1'><i class="fa fa-fast-forward"></i></span>
<span title='Collapse all nodes' class='badge badge-default pointer float-right ct ml-1'><i class="fa fa-compress"></i></span>
<span title='Expand all nodes' class='badge badge-default pointer float-right et'><i class="fa fa-expand"></i></span>
</div>
</div>
</div><div class="detail-body mt-4">
<table class="table table-sm">
  <thead><tr><th class="status-col">Status</th><th class="timestamp-col">Timestamp</th><th class="details-col">Details</th></tr></thead>
  <tbody>
      <tr class="event-row">
        <td><span class="badge log pass-bg">Pass</span></td>
        <td>5:46:22 PM</td>
        <td>
          Test Passed
        </td>
      </tr>
      <tr class="event-row">
        <td><span class="badge log warning-bg">Warning</span></td>
        <td>5:46:23 PM</td>
        <td>
          Screenshot capture failed: C:\Users\admin\Desktop\3wautomation\automation-mobile\src\test\resources\screenshots\enterMob.jpeg (The system cannot find the path specified)
        </td>
      </tr>
      <tr class="event-row">
        <td><span class="badge log pass-bg">Pass</span></td>
        <td>5:46:23 PM</td>
        <td>
          Test Passed
        </td>
      </tr>
  </tbody>
</table>
</div>
          </div>
        </li>
        <li class="test-item"  status="warning" test-id="4"
          author=""
          tag=""
          device="">
          <div class="test-detail">
            <p class="name">Verify that the user is able to land on the OTP Screen</p>
            <p class="text-sm">
              <span>5:46:23 PM</span> / <span>00:00:01:905</span>
              <span class="badge warning-bg log float-right">Warning</span>
            </p>
          </div>
          <div class="test-contents d-none">
<div class="detail-head">
<div class="p-v-10">
<div class="info">
<h5 class="test-status text-warning">Verify that the user is able to land on the OTP Screen</h5>
<span class='badge badge-success'>02.19.2025 5:46:23 PM</span>
<span class='badge badge-danger'>02.19.2025 5:46:25 PM</span>
<span class='badge badge-default'>00:00:01:905</span>
&middot; <span class='uri-anchor badge badge-default'>#test-id=4</span>
<span title='Skip to the next failed step' class='badge badge-danger pointer float-right ne ml-1'><i class="fa fa-fast-forward"></i></span>
<span title='Collapse all nodes' class='badge badge-default pointer float-right ct ml-1'><i class="fa fa-compress"></i></span>
<span title='Expand all nodes' class='badge badge-default pointer float-right et'><i class="fa fa-expand"></i></span>
</div>
</div>
</div><div class="detail-body mt-4">
<table class="table table-sm">
  <thead><tr><th class="status-col">Status</th><th class="timestamp-col">Timestamp</th><th class="details-col">Details</th></tr></thead>
  <tbody>
      <tr class="event-row">
        <td><span class="badge log pass-bg">Pass</span></td>
        <td>5:46:24 PM</td>
        <td>
          Test Passed
        </td>
      </tr>
      <tr class="event-row">
        <td><span class="badge log warning-bg">Warning</span></td>
        <td>5:46:25 PM</td>
        <td>
          Screenshot capture failed: C:\Users\admin\Desktop\3wautomation\automation-mobile\src\test\resources\screenshots\clickVerifyNumberButton.jpeg (The system cannot find the path specified)
        </td>
      </tr>
      <tr class="event-row">
        <td><span class="badge log pass-bg">Pass</span></td>
        <td>5:46:25 PM</td>
        <td>
          Test Passed
        </td>
      </tr>
  </tbody>
</table>
</div>
          </div>
        </li>
        <li class="test-item"  status="fail" test-id="5"
          author=""
          tag=""
          device="">
          <div class="test-detail">
            <p class="name">Verify that the system can not move forward with less than 5 digit OTP</p>
            <p class="text-sm">
              <span>5:46:25 PM</span> / <span>00:00:02:938</span>
              <span class="badge fail-bg log float-right">Fail</span>
            </p>
          </div>
          <div class="test-contents d-none">
<div class="detail-head">
<div class="p-v-10">
<div class="info">
<h5 class="test-status text-fail">Verify that the system can not move forward with less than 5 digit OTP</h5>
<span class='badge badge-success'>02.19.2025 5:46:25 PM</span>
<span class='badge badge-danger'>02.19.2025 5:46:28 PM</span>
<span class='badge badge-default'>00:00:02:938</span>
&middot; <span class='uri-anchor badge badge-default'>#test-id=5</span>
<span title='Skip to the next failed step' class='badge badge-danger pointer float-right ne ml-1'><i class="fa fa-fast-forward"></i></span>
<span title='Collapse all nodes' class='badge badge-default pointer float-right ct ml-1'><i class="fa fa-compress"></i></span>
<span title='Expand all nodes' class='badge badge-default pointer float-right et'><i class="fa fa-expand"></i></span>
</div>
</div>
</div><div class="detail-body mt-4">
<table class="table table-sm">
  <thead><tr><th class="status-col">Status</th><th class="timestamp-col">Timestamp</th><th class="details-col">Details</th></tr></thead>
  <tbody>
      <tr class="event-row">
        <td><span class="badge log fail-bg">Fail</span></td>
        <td>5:46:27 PM</td>
        <td>
          Test Failed: org.openqa.selenium.StaleElementReferenceException: The element 'By.xpath: //android.widget.EditText' is not linked to the same object in DOM anymore
For documentation on this error, please visit: https://www.selenium.dev/documentation/webdriver/troubleshooting/errors#stale-element-reference-exception
Build info: version: '4.16.1', revision: '9b4c83354e'
System info: os.name: 'Windows 11', os.arch: 'amd64', os.version: '10.0', java.version: '23.0.2'
Driver info: io.appium.java_client.android.AndroidDriver
Command: [c72b2745-a6c2-41d9-9297-b41db86a62af, clickElement {id=00000000-0000-02d1-0000-000e00000004}]
Capabilities {appium:appActivity: com.tvs_pgm.tvs.MainActivity, appium:appPackage: com.tvs.tvs_pgm_dev, appium:automationName: UIAutomator2, appium:databaseEnabled: false, appium:desired: {appActivity: com.tvs_pgm.tvs.MainActivity, appPackage: com.tvs.tvs_pgm_dev, automationName: UIAutomator2, deviceName: 1a16b9720403, dontStopAppOnReset: true, noReset: true, platformName: ANDROID}, appium:deviceApiLevel: 31, appium:deviceManufacturer: Xiaomi, appium:deviceModel: M2003J15SC, appium:deviceName: 1a16b9720403, appium:deviceScreenDensity: 440, appium:deviceScreenSize: 1080x2340, appium:deviceUDID: 1a16b9720403, appium:dontStopAppOnReset: true, appium:javascriptEnabled: true, appium:locationContextEnabled: false, appium:networkConnectionEnabled: true, appium:noReset: true, appium:pixelRatio: 2.75, appium:platformVersion: 12, appium:statBarHeight: 100, appium:takesScreenshot: true, appium:viewportRect: {height: 2240, left: 0, top: 100, width: 1080}, appium:warnings: {}, appium:webStorageEnabled: false, platformName: ANDROID}
Element: [[AndroidDriver:  on ANDROID (c72b2745-a6c2-41d9-9297-b41db86a62af)] -> xpath: //android.widget.EditText]
Session ID: c72b2745-a6c2-41d9-9297-b41db86a62af
        </td>
      </tr>
      <tr class="event-row">
        <td><span class="badge log warning-bg">Warning</span></td>
        <td>5:46:28 PM</td>
        <td>
          Screenshot capture failed: C:\Users\admin\Desktop\3wautomation\automation-mobile\src\test\resources\screenshots\VerifyWithlessThanFiveDigit.jpeg (The system cannot find the path specified)
        </td>
      </tr>
      <tr class="event-row">
        <td><span class="badge log fail-bg">Fail</span></td>
        <td>5:46:28 PM</td>
        <td>
          Test Failed: org.openqa.selenium.StaleElementReferenceException: The element 'By.xpath: //android.widget.EditText' is not linked to the same object in DOM anymore
For documentation on this error, please visit: https://www.selenium.dev/documentation/webdriver/troubleshooting/errors#stale-element-reference-exception
Build info: version: '4.16.1', revision: '9b4c83354e'
System info: os.name: 'Windows 11', os.arch: 'amd64', os.version: '10.0', java.version: '23.0.2'
Driver info: io.appium.java_client.android.AndroidDriver
Command: [c72b2745-a6c2-41d9-9297-b41db86a62af, clickElement {id=00000000-0000-02d1-0000-000e00000004}]
Capabilities {appium:appActivity: com.tvs_pgm.tvs.MainActivity, appium:appPackage: com.tvs.tvs_pgm_dev, appium:automationName: UIAutomator2, appium:databaseEnabled: false, appium:desired: {appActivity: com.tvs_pgm.tvs.MainActivity, appPackage: com.tvs.tvs_pgm_dev, automationName: UIAutomator2, deviceName: 1a16b9720403, dontStopAppOnReset: true, noReset: true, platformName: ANDROID}, appium:deviceApiLevel: 31, appium:deviceManufacturer: Xiaomi, appium:deviceModel: M2003J15SC, appium:deviceName: 1a16b9720403, appium:deviceScreenDensity: 440, appium:deviceScreenSize: 1080x2340, appium:deviceUDID: 1a16b9720403, appium:dontStopAppOnReset: true, appium:javascriptEnabled: true, appium:locationContextEnabled: false, appium:networkConnectionEnabled: true, appium:noReset: true, appium:pixelRatio: 2.75, appium:platformVersion: 12, appium:statBarHeight: 100, appium:takesScreenshot: true, appium:viewportRect: {height: 2240, left: 0, top: 100, width: 1080}, appium:warnings: {}, appium:webStorageEnabled: false, platformName: ANDROID}
Element: [[AndroidDriver:  on ANDROID (c72b2745-a6c2-41d9-9297-b41db86a62af)] -> xpath: //android.widget.EditText]
Session ID: c72b2745-a6c2-41d9-9297-b41db86a62af
        </td>
      </tr>
  </tbody>
</table>
</div>
          </div>
        </li>
        <li class="test-item"  status="warning" test-id="6"
          author=""
          tag=""
          device="">
          <div class="test-detail">
            <p class="name">Verify that the user is able to move forward with correct OTP</p>
            <p class="text-sm">
              <span>5:46:28 PM</span> / <span>00:00:03:067</span>
              <span class="badge warning-bg log float-right">Warning</span>
            </p>
          </div>
          <div class="test-contents d-none">
<div class="detail-head">
<div class="p-v-10">
<div class="info">
<h5 class="test-status text-warning">Verify that the user is able to move forward with correct OTP</h5>
<span class='badge badge-success'>02.19.2025 5:46:28 PM</span>
<span class='badge badge-danger'>02.19.2025 5:46:31 PM</span>
<span class='badge badge-default'>00:00:03:067</span>
&middot; <span class='uri-anchor badge badge-default'>#test-id=6</span>
<span title='Skip to the next failed step' class='badge badge-danger pointer float-right ne ml-1'><i class="fa fa-fast-forward"></i></span>
<span title='Collapse all nodes' class='badge badge-default pointer float-right ct ml-1'><i class="fa fa-compress"></i></span>
<span title='Expand all nodes' class='badge badge-default pointer float-right et'><i class="fa fa-expand"></i></span>
</div>
</div>
</div><div class="detail-body mt-4">
<table class="table table-sm">
  <thead><tr><th class="status-col">Status</th><th class="timestamp-col">Timestamp</th><th class="details-col">Details</th></tr></thead>
  <tbody>
      <tr class="event-row">
        <td><span class="badge log pass-bg">Pass</span></td>
        <td>5:46:30 PM</td>
        <td>
          Test Passed
        </td>
      </tr>
      <tr class="event-row">
        <td><span class="badge log warning-bg">Warning</span></td>
        <td>5:46:31 PM</td>
        <td>
          Screenshot capture failed: C:\Users\admin\Desktop\3wautomation\automation-mobile\src\test\resources\screenshots\verifyOTPEnteredSuccess.jpeg (The system cannot find the path specified)
        </td>
      </tr>
      <tr class="event-row">
        <td><span class="badge log pass-bg">Pass</span></td>
        <td>5:46:31 PM</td>
        <td>
          Test Passed
        </td>
      </tr>
  </tbody>
</table>
</div>
          </div>
        </li>
        <li class="test-item"  status="warning" test-id="7"
          author=""
          tag=""
          device="">
          <div class="test-detail">
            <p class="name">Verify that the user can click on the submit button And successfully land on the HomePage</p>
            <p class="text-sm">
              <span>5:46:31 PM</span> / <span>00:00:01:713</span>
              <span class="badge warning-bg log float-right">Warning</span>
            </p>
          </div>
          <div class="test-contents d-none">
<div class="detail-head">
<div class="p-v-10">
<div class="info">
<h5 class="test-status text-warning">Verify that the user can click on the submit button And successfully land on the HomePage</h5>
<span class='badge badge-success'>02.19.2025 5:46:31 PM</span>
<span class='badge badge-danger'>02.19.2025 5:46:33 PM</span>
<span class='badge badge-default'>00:00:01:713</span>
&middot; <span class='uri-anchor badge badge-default'>#test-id=7</span>
<span title='Skip to the next failed step' class='badge badge-danger pointer float-right ne ml-1'><i class="fa fa-fast-forward"></i></span>
<span title='Collapse all nodes' class='badge badge-default pointer float-right ct ml-1'><i class="fa fa-compress"></i></span>
<span title='Expand all nodes' class='badge badge-default pointer float-right et'><i class="fa fa-expand"></i></span>
</div>
</div>
</div><div class="detail-body mt-4">
<table class="table table-sm">
  <thead><tr><th class="status-col">Status</th><th class="timestamp-col">Timestamp</th><th class="details-col">Details</th></tr></thead>
  <tbody>
      <tr class="event-row">
        <td><span class="badge log pass-bg">Pass</span></td>
        <td>5:46:32 PM</td>
        <td>
          Test Passed
        </td>
      </tr>
      <tr class="event-row">
        <td><span class="badge log warning-bg">Warning</span></td>
        <td>5:46:33 PM</td>
        <td>
          Screenshot capture failed: C:\Users\admin\Desktop\3wautomation\automation-mobile\src\test\resources\screenshots\VerifyOTPSubmitSuccess.jpeg (The system cannot find the path specified)
        </td>
      </tr>
      <tr class="event-row">
        <td><span class="badge log pass-bg">Pass</span></td>
        <td>5:46:33 PM</td>
        <td>
          Test Passed
        </td>
      </tr>
  </tbody>
</table>
</div>
          </div>
        </li>
        <li class="test-item"  status="warning" test-id="8"
          author=""
          tag=""
          device="">
          <div class="test-detail">
            <p class="name">Verify that the setting Icon is present on the Homepage</p>
            <p class="text-sm">
              <span>5:46:33 PM</span> / <span>00:00:03:106</span>
              <span class="badge warning-bg log float-right">Warning</span>
            </p>
          </div>
          <div class="test-contents d-none">
<div class="detail-head">
<div class="p-v-10">
<div class="info">
<h5 class="test-status text-warning">Verify that the setting Icon is present on the Homepage</h5>
<span class='badge badge-success'>02.19.2025 5:46:33 PM</span>
<span class='badge badge-danger'>02.19.2025 5:46:36 PM</span>
<span class='badge badge-default'>00:00:03:106</span>
&middot; <span class='uri-anchor badge badge-default'>#test-id=8</span>
<span title='Skip to the next failed step' class='badge badge-danger pointer float-right ne ml-1'><i class="fa fa-fast-forward"></i></span>
<span title='Collapse all nodes' class='badge badge-default pointer float-right ct ml-1'><i class="fa fa-compress"></i></span>
<span title='Expand all nodes' class='badge badge-default pointer float-right et'><i class="fa fa-expand"></i></span>
</div>
</div>
</div><div class="detail-body mt-4">
<table class="table table-sm">
  <thead><tr><th class="status-col">Status</th><th class="timestamp-col">Timestamp</th><th class="details-col">Details</th></tr></thead>
  <tbody>
      <tr class="event-row">
        <td><span class="badge log pass-bg">Pass</span></td>
        <td>5:46:35 PM</td>
        <td>
          Test Passed
        </td>
      </tr>
      <tr class="event-row">
        <td><span class="badge log warning-bg">Warning</span></td>
        <td>5:46:36 PM</td>
        <td>
          Screenshot capture failed: C:\Users\admin\Desktop\3wautomation\automation-mobile\src\test\resources\screenshots\settingIconpresent.jpeg (The system cannot find the path specified)
        </td>
      </tr>
      <tr class="event-row">
        <td><span class="badge log pass-bg">Pass</span></td>
        <td>5:46:36 PM</td>
        <td>
          Test Passed
        </td>
      </tr>
  </tbody>
</table>
</div>
          </div>
        </li>
        <li class="test-item"  status="warning" test-id="9"
          author=""
          tag=""
          device="">
          <div class="test-detail">
            <p class="name">Verify that the profile Icon is present on the Homepage</p>
            <p class="text-sm">
              <span>5:46:36 PM</span> / <span>00:00:02:520</span>
              <span class="badge warning-bg log float-right">Warning</span>
            </p>
          </div>
          <div class="test-contents d-none">
<div class="detail-head">
<div class="p-v-10">
<div class="info">
<h5 class="test-status text-warning">Verify that the profile Icon is present on the Homepage</h5>
<span class='badge badge-success'>02.19.2025 5:46:36 PM</span>
<span class='badge badge-danger'>02.19.2025 5:46:38 PM</span>
<span class='badge badge-default'>00:00:02:520</span>
&middot; <span class='uri-anchor badge badge-default'>#test-id=9</span>
<span title='Skip to the next failed step' class='badge badge-danger pointer float-right ne ml-1'><i class="fa fa-fast-forward"></i></span>
<span title='Collapse all nodes' class='badge badge-default pointer float-right ct ml-1'><i class="fa fa-compress"></i></span>
<span title='Expand all nodes' class='badge badge-default pointer float-right et'><i class="fa fa-expand"></i></span>
</div>
</div>
</div><div class="detail-body mt-4">
<table class="table table-sm">
  <thead><tr><th class="status-col">Status</th><th class="timestamp-col">Timestamp</th><th class="details-col">Details</th></tr></thead>
  <tbody>
      <tr class="event-row">
        <td><span class="badge log pass-bg">Pass</span></td>
        <td>5:46:38 PM</td>
        <td>
          Test Passed
        </td>
      </tr>
      <tr class="event-row">
        <td><span class="badge log warning-bg">Warning</span></td>
        <td>5:46:38 PM</td>
        <td>
          Screenshot capture failed: C:\Users\admin\Desktop\3wautomation\automation-mobile\src\test\resources\screenshots\profileIconePresent.jpeg (The system cannot find the path specified)
        </td>
      </tr>
      <tr class="event-row">
        <td><span class="badge log pass-bg">Pass</span></td>
        <td>5:46:38 PM</td>
        <td>
          Test Passed
        </td>
      </tr>
  </tbody>
</table>
</div>
          </div>
        </li>
        <li class="test-item"  status="warning" test-id="10"
          author=""
          tag=""
          device="">
          <div class="test-detail">
            <p class="name">Verify that the Need Any Help tile is present on the screen</p>
            <p class="text-sm">
              <span>5:46:38 PM</span> / <span>00:00:01:259</span>
              <span class="badge warning-bg log float-right">Warning</span>
            </p>
          </div>
          <div class="test-contents d-none">
<div class="detail-head">
<div class="p-v-10">
<div class="info">
<h5 class="test-status text-warning">Verify that the Need Any Help tile is present on the screen</h5>
<span class='badge badge-success'>02.19.2025 5:46:38 PM</span>
<span class='badge badge-danger'>02.19.2025 5:46:40 PM</span>
<span class='badge badge-default'>00:00:01:259</span>
&middot; <span class='uri-anchor badge badge-default'>#test-id=10</span>
<span title='Skip to the next failed step' class='badge badge-danger pointer float-right ne ml-1'><i class="fa fa-fast-forward"></i></span>
<span title='Collapse all nodes' class='badge badge-default pointer float-right ct ml-1'><i class="fa fa-compress"></i></span>
<span title='Expand all nodes' class='badge badge-default pointer float-right et'><i class="fa fa-expand"></i></span>
</div>
</div>
</div><div class="detail-body mt-4">
<table class="table table-sm">
  <thead><tr><th class="status-col">Status</th><th class="timestamp-col">Timestamp</th><th class="details-col">Details</th></tr></thead>
  <tbody>
      <tr class="event-row">
        <td><span class="badge log pass-bg">Pass</span></td>
        <td>5:46:39 PM</td>
        <td>
          Test Passed
        </td>
      </tr>
      <tr class="event-row">
        <td><span class="badge log warning-bg">Warning</span></td>
        <td>5:46:40 PM</td>
        <td>
          Screenshot capture failed: C:\Users\admin\Desktop\3wautomation\automation-mobile\src\test\resources\screenshots\verifyNeedAnyHelpTileVisible.jpeg (The system cannot find the path specified)
        </td>
      </tr>
      <tr class="event-row">
        <td><span class="badge log pass-bg">Pass</span></td>
        <td>5:46:40 PM</td>
        <td>
          Test Passed
        </td>
      </tr>
  </tbody>
</table>
</div>
          </div>
        </li>
        <li class="test-item"  status="warning" test-id="11"
          author=""
          tag=""
          device="">
          <div class="test-detail">
            <p class="name">Verify that the Find a Dealer tile is present on the screen</p>
            <p class="text-sm">
              <span>5:46:40 PM</span> / <span>00:00:01:218</span>
              <span class="badge warning-bg log float-right">Warning</span>
            </p>
          </div>
          <div class="test-contents d-none">
<div class="detail-head">
<div class="p-v-10">
<div class="info">
<h5 class="test-status text-warning">Verify that the Find a Dealer tile is present on the screen</h5>
<span class='badge badge-success'>02.19.2025 5:46:40 PM</span>
<span class='badge badge-danger'>02.19.2025 5:46:41 PM</span>
<span class='badge badge-default'>00:00:01:218</span>
&middot; <span class='uri-anchor badge badge-default'>#test-id=11</span>
<span title='Skip to the next failed step' class='badge badge-danger pointer float-right ne ml-1'><i class="fa fa-fast-forward"></i></span>
<span title='Collapse all nodes' class='badge badge-default pointer float-right ct ml-1'><i class="fa fa-compress"></i></span>
<span title='Expand all nodes' class='badge badge-default pointer float-right et'><i class="fa fa-expand"></i></span>
</div>
</div>
</div><div class="detail-body mt-4">
<table class="table table-sm">
  <thead><tr><th class="status-col">Status</th><th class="timestamp-col">Timestamp</th><th class="details-col">Details</th></tr></thead>
  <tbody>
      <tr class="event-row">
        <td><span class="badge log pass-bg">Pass</span></td>
        <td>5:46:40 PM</td>
        <td>
          Test Passed
        </td>
      </tr>
      <tr class="event-row">
        <td><span class="badge log warning-bg">Warning</span></td>
        <td>5:46:41 PM</td>
        <td>
          Screenshot capture failed: C:\Users\admin\Desktop\3wautomation\automation-mobile\src\test\resources\screenshots\verifyFindDealerTileVisible.jpeg (The system cannot find the path specified)
        </td>
      </tr>
      <tr class="event-row">
        <td><span class="badge log pass-bg">Pass</span></td>
        <td>5:46:41 PM</td>
        <td>
          Test Passed
        </td>
      </tr>
  </tbody>
</table>
</div>
          </div>
        </li>
        <li class="test-item"  status="warning" test-id="12"
          author=""
          tag=""
          device="">
          <div class="test-detail">
            <p class="name">Verify that the Vehicle_Services tile is present on the screen</p>
            <p class="text-sm">
              <span>5:46:41 PM</span> / <span>00:00:01:054</span>
              <span class="badge warning-bg log float-right">Warning</span>
            </p>
          </div>
          <div class="test-contents d-none">
<div class="detail-head">
<div class="p-v-10">
<div class="info">
<h5 class="test-status text-warning">Verify that the Vehicle_Services tile is present on the screen</h5>
<span class='badge badge-success'>02.19.2025 5:46:41 PM</span>
<span class='badge badge-danger'>02.19.2025 5:46:42 PM</span>
<span class='badge badge-default'>00:00:01:054</span>
&middot; <span class='uri-anchor badge badge-default'>#test-id=12</span>
<span title='Skip to the next failed step' class='badge badge-danger pointer float-right ne ml-1'><i class="fa fa-fast-forward"></i></span>
<span title='Collapse all nodes' class='badge badge-default pointer float-right ct ml-1'><i class="fa fa-compress"></i></span>
<span title='Expand all nodes' class='badge badge-default pointer float-right et'><i class="fa fa-expand"></i></span>
</div>
</div>
</div><div class="detail-body mt-4">
<table class="table table-sm">
  <thead><tr><th class="status-col">Status</th><th class="timestamp-col">Timestamp</th><th class="details-col">Details</th></tr></thead>
  <tbody>
      <tr class="event-row">
        <td><span class="badge log pass-bg">Pass</span></td>
        <td>5:46:41 PM</td>
        <td>
          Test Passed
        </td>
      </tr>
      <tr class="event-row">
        <td><span class="badge log warning-bg">Warning</span></td>
        <td>5:46:42 PM</td>
        <td>
          Screenshot capture failed: C:\Users\admin\Desktop\3wautomation\automation-mobile\src\test\resources\screenshots\verifyVehicleServicesTileVisible.jpeg (The system cannot find the path specified)
        </td>
      </tr>
      <tr class="event-row">
        <td><span class="badge log pass-bg">Pass</span></td>
        <td>5:46:42 PM</td>
        <td>
          Test Passed
        </td>
      </tr>
  </tbody>
</table>
</div>
          </div>
        </li>
        <li class="test-item"  status="warning" test-id="13"
          author=""
          tag=""
          device="">
          <div class="test-detail">
            <p class="name">Verify that the Traingin and Troubleshooting tile is present on the screen</p>
            <p class="text-sm">
              <span>5:46:42 PM</span> / <span>00:00:00:994</span>
              <span class="badge warning-bg log float-right">Warning</span>
            </p>
          </div>
          <div class="test-contents d-none">
<div class="detail-head">
<div class="p-v-10">
<div class="info">
<h5 class="test-status text-warning">Verify that the Traingin and Troubleshooting tile is present on the screen</h5>
<span class='badge badge-success'>02.19.2025 5:46:42 PM</span>
<span class='badge badge-danger'>02.19.2025 5:46:43 PM</span>
<span class='badge badge-default'>00:00:00:994</span>
&middot; <span class='uri-anchor badge badge-default'>#test-id=13</span>
<span title='Skip to the next failed step' class='badge badge-danger pointer float-right ne ml-1'><i class="fa fa-fast-forward"></i></span>
<span title='Collapse all nodes' class='badge badge-default pointer float-right ct ml-1'><i class="fa fa-compress"></i></span>
<span title='Expand all nodes' class='badge badge-default pointer float-right et'><i class="fa fa-expand"></i></span>
</div>
</div>
</div><div class="detail-body mt-4">
<table class="table table-sm">
  <thead><tr><th class="status-col">Status</th><th class="timestamp-col">Timestamp</th><th class="details-col">Details</th></tr></thead>
  <tbody>
      <tr class="event-row">
        <td><span class="badge log pass-bg">Pass</span></td>
        <td>5:46:42 PM</td>
        <td>
          Test Passed
        </td>
      </tr>
      <tr class="event-row">
        <td><span class="badge log warning-bg">Warning</span></td>
        <td>5:46:43 PM</td>
        <td>
          Screenshot capture failed: C:\Users\admin\Desktop\3wautomation\automation-mobile\src\test\resources\screenshots\verifyTrainingTileVisible.jpeg (The system cannot find the path specified)
        </td>
      </tr>
      <tr class="event-row">
        <td><span class="badge log pass-bg">Pass</span></td>
        <td>5:46:43 PM</td>
        <td>
          Test Passed
        </td>
      </tr>
  </tbody>
</table>
</div>
          </div>
        </li>
        <li class="test-item"  status="warning" test-id="14"
          author=""
          tag=""
          device="">
          <div class="test-detail">
            <p class="name">Verify that the Referral tile is present on the screen</p>
            <p class="text-sm">
              <span>5:46:43 PM</span> / <span>00:00:00:970</span>
              <span class="badge warning-bg log float-right">Warning</span>
            </p>
          </div>
          <div class="test-contents d-none">
<div class="detail-head">
<div class="p-v-10">
<div class="info">
<h5 class="test-status text-warning">Verify that the Referral tile is present on the screen</h5>
<span class='badge badge-success'>02.19.2025 5:46:43 PM</span>
<span class='badge badge-danger'>02.19.2025 5:46:44 PM</span>
<span class='badge badge-default'>00:00:00:970</span>
&middot; <span class='uri-anchor badge badge-default'>#test-id=14</span>
<span title='Skip to the next failed step' class='badge badge-danger pointer float-right ne ml-1'><i class="fa fa-fast-forward"></i></span>
<span title='Collapse all nodes' class='badge badge-default pointer float-right ct ml-1'><i class="fa fa-compress"></i></span>
<span title='Expand all nodes' class='badge badge-default pointer float-right et'><i class="fa fa-expand"></i></span>
</div>
</div>
</div><div class="detail-body mt-4">
<table class="table table-sm">
  <thead><tr><th class="status-col">Status</th><th class="timestamp-col">Timestamp</th><th class="details-col">Details</th></tr></thead>
  <tbody>
      <tr class="event-row">
        <td><span class="badge log pass-bg">Pass</span></td>
        <td>5:46:43 PM</td>
        <td>
          Test Passed
        </td>
      </tr>
      <tr class="event-row">
        <td><span class="badge log warning-bg">Warning</span></td>
        <td>5:46:44 PM</td>
        <td>
          Screenshot capture failed: C:\Users\admin\Desktop\3wautomation\automation-mobile\src\test\resources\screenshots\verifyReferralTileVisible.jpeg (The system cannot find the path specified)
        </td>
      </tr>
      <tr class="event-row">
        <td><span class="badge log pass-bg">Pass</span></td>
        <td>5:46:44 PM</td>
        <td>
          Test Passed
        </td>
      </tr>
  </tbody>
</table>
</div>
          </div>
        </li>
        <li class="test-item"  status="warning" test-id="15"
          author=""
          tag=""
          device="">
          <div class="test-detail">
            <p class="name">Verify that the user can click on the Need Help tile is present on the screen</p>
            <p class="text-sm">
              <span>5:46:44 PM</span> / <span>00:00:03:949</span>
              <span class="badge warning-bg log float-right">Warning</span>
            </p>
          </div>
          <div class="test-contents d-none">
<div class="detail-head">
<div class="p-v-10">
<div class="info">
<h5 class="test-status text-warning">Verify that the user can click on the Need Help tile is present on the screen</h5>
<span class='badge badge-success'>02.19.2025 5:46:44 PM</span>
<span class='badge badge-danger'>02.19.2025 5:46:48 PM</span>
<span class='badge badge-default'>00:00:03:949</span>
&middot; <span class='uri-anchor badge badge-default'>#test-id=15</span>
<span title='Skip to the next failed step' class='badge badge-danger pointer float-right ne ml-1'><i class="fa fa-fast-forward"></i></span>
<span title='Collapse all nodes' class='badge badge-default pointer float-right ct ml-1'><i class="fa fa-compress"></i></span>
<span title='Expand all nodes' class='badge badge-default pointer float-right et'><i class="fa fa-expand"></i></span>
</div>
</div>
</div><div class="detail-body mt-4">
<table class="table table-sm">
  <thead><tr><th class="status-col">Status</th><th class="timestamp-col">Timestamp</th><th class="details-col">Details</th></tr></thead>
  <tbody>
      <tr class="event-row">
        <td><span class="badge log pass-bg">Pass</span></td>
        <td>5:46:47 PM</td>
        <td>
          Test Passed
        </td>
      </tr>
      <tr class="event-row">
        <td><span class="badge log warning-bg">Warning</span></td>
        <td>5:46:48 PM</td>
        <td>
          Screenshot capture failed: C:\Users\admin\Desktop\3wautomation\automation-mobile\src\test\resources\screenshots\verifyHelpButtonClickable.jpeg (The system cannot find the path specified)
        </td>
      </tr>
      <tr class="event-row">
        <td><span class="badge log pass-bg">Pass</span></td>
        <td>5:46:48 PM</td>
        <td>
          Test Passed
        </td>
      </tr>
  </tbody>
</table>
</div>
          </div>
        </li>
        <li class="test-item"  status="warning" test-id="16"
          author=""
          tag=""
          device="">
          <div class="test-detail">
            <p class="name">Verify that the Back arrow is present on the  Support screen</p>
            <p class="text-sm">
              <span>5:46:49 PM</span> / <span>00:00:00:832</span>
              <span class="badge warning-bg log float-right">Warning</span>
            </p>
          </div>
          <div class="test-contents d-none">
<div class="detail-head">
<div class="p-v-10">
<div class="info">
<h5 class="test-status text-warning">Verify that the Back arrow is present on the Support screen</h5>
<span class='badge badge-success'>02.19.2025 5:46:49 PM</span>
<span class='badge badge-danger'>02.19.2025 5:46:50 PM</span>
<span class='badge badge-default'>00:00:00:832</span>
&middot; <span class='uri-anchor badge badge-default'>#test-id=16</span>
<span title='Skip to the next failed step' class='badge badge-danger pointer float-right ne ml-1'><i class="fa fa-fast-forward"></i></span>
<span title='Collapse all nodes' class='badge badge-default pointer float-right ct ml-1'><i class="fa fa-compress"></i></span>
<span title='Expand all nodes' class='badge badge-default pointer float-right et'><i class="fa fa-expand"></i></span>
</div>
</div>
</div><div class="detail-body mt-4">
<table class="table table-sm">
  <thead><tr><th class="status-col">Status</th><th class="timestamp-col">Timestamp</th><th class="details-col">Details</th></tr></thead>
  <tbody>
      <tr class="event-row">
        <td><span class="badge log pass-bg">Pass</span></td>
        <td>5:46:50 PM</td>
        <td>
          Test Passed
        </td>
      </tr>
      <tr class="event-row">
        <td><span class="badge log warning-bg">Warning</span></td>
        <td>5:46:50 PM</td>
        <td>
          Screenshot capture failed: C:\Users\admin\Desktop\3wautomation\automation-mobile\src\test\resources\screenshots\verifyBackArrowVisibleOnSupportScreeen.jpeg (The system cannot find the path specified)
        </td>
      </tr>
      <tr class="event-row">
        <td><span class="badge log pass-bg">Pass</span></td>
        <td>5:46:50 PM</td>
        <td>
          Test Passed
        </td>
      </tr>
  </tbody>
</table>
</div>
          </div>
        </li>
        <li class="test-item"  status="warning" test-id="17"
          author=""
          tag=""
          device="">
          <div class="test-detail">
            <p class="name">Verify that the system is giving an error message if user is trying to create query without Title and Description</p>
            <p class="text-sm">
              <span>5:46:50 PM</span> / <span>00:00:03:181</span>
              <span class="badge warning-bg log float-right">Warning</span>
            </p>
          </div>
          <div class="test-contents d-none">
<div class="detail-head">
<div class="p-v-10">
<div class="info">
<h5 class="test-status text-warning">Verify that the system is giving an error message if user is trying to create query without Title and Description</h5>
<span class='badge badge-success'>02.19.2025 5:46:50 PM</span>
<span class='badge badge-danger'>02.19.2025 5:46:53 PM</span>
<span class='badge badge-default'>00:00:03:181</span>
&middot; <span class='uri-anchor badge badge-default'>#test-id=17</span>
<span title='Skip to the next failed step' class='badge badge-danger pointer float-right ne ml-1'><i class="fa fa-fast-forward"></i></span>
<span title='Collapse all nodes' class='badge badge-default pointer float-right ct ml-1'><i class="fa fa-compress"></i></span>
<span title='Expand all nodes' class='badge badge-default pointer float-right et'><i class="fa fa-expand"></i></span>
</div>
</div>
</div><div class="detail-body mt-4">
<table class="table table-sm">
  <thead><tr><th class="status-col">Status</th><th class="timestamp-col">Timestamp</th><th class="details-col">Details</th></tr></thead>
  <tbody>
      <tr class="event-row">
        <td><span class="badge log pass-bg">Pass</span></td>
        <td>5:46:53 PM</td>
        <td>
          Test Passed
        </td>
      </tr>
      <tr class="event-row">
        <td><span class="badge log warning-bg">Warning</span></td>
        <td>5:46:53 PM</td>
        <td>
          Screenshot capture failed: C:\Users\admin\Desktop\3wautomation\automation-mobile\src\test\resources\screenshots\verifyErrorMesage_Without_TitleAndDescritpion.jpeg (The system cannot find the path specified)
        </td>
      </tr>
      <tr class="event-row">
        <td><span class="badge log pass-bg">Pass</span></td>
        <td>5:46:53 PM</td>
        <td>
          Test Passed
        </td>
      </tr>
  </tbody>
</table>
</div>
          </div>
        </li>
        <li class="test-item"  status="fail" test-id="18"
          author=""
          tag=""
          device="">
          <div class="test-detail">
            <p class="name">Verify that the system is giving an error message if user is trying to create query without category and Description</p>
            <p class="text-sm">
              <span>5:46:53 PM</span> / <span>00:00:04:939</span>
              <span class="badge fail-bg log float-right">Fail</span>
            </p>
          </div>
          <div class="test-contents d-none">
<div class="detail-head">
<div class="p-v-10">
<div class="info">
<h5 class="test-status text-fail">Verify that the system is giving an error message if user is trying to create query without category and Description</h5>
<span class='badge badge-success'>02.19.2025 5:46:53 PM</span>
<span class='badge badge-danger'>02.19.2025 5:46:58 PM</span>
<span class='badge badge-default'>00:00:04:939</span>
&middot; <span class='uri-anchor badge badge-default'>#test-id=18</span>
<span title='Skip to the next failed step' class='badge badge-danger pointer float-right ne ml-1'><i class="fa fa-fast-forward"></i></span>
<span title='Collapse all nodes' class='badge badge-default pointer float-right ct ml-1'><i class="fa fa-compress"></i></span>
<span title='Expand all nodes' class='badge badge-default pointer float-right et'><i class="fa fa-expand"></i></span>
</div>
</div>
</div><div class="detail-body mt-4">
<table class="table table-sm">
  <thead><tr><th class="status-col">Status</th><th class="timestamp-col">Timestamp</th><th class="details-col">Details</th></tr></thead>
  <tbody>
      <tr class="event-row">
        <td><span class="badge log fail-bg">Fail</span></td>
        <td>5:46:58 PM</td>
        <td>
          Test Failed: java.lang.AssertionError: expected [Please select category] but found []
        </td>
      </tr>
      <tr class="event-row">
        <td><span class="badge log warning-bg">Warning</span></td>
        <td>5:46:58 PM</td>
        <td>
          Screenshot capture failed: C:\Users\admin\Desktop\3wautomation\automation-mobile\src\test\resources\screenshots\verifyErrorMessage_without_Category_Description.jpeg (The system cannot find the path specified)
        </td>
      </tr>
      <tr class="event-row">
        <td><span class="badge log fail-bg">Fail</span></td>
        <td>5:46:58 PM</td>
        <td>
          Test Failed: java.lang.AssertionError: expected [Please select category] but found []
        </td>
      </tr>
  </tbody>
</table>
</div>
          </div>
        </li>
        <li class="test-item"  status="warning" test-id="19"
          author=""
          tag=""
          device="">
          <div class="test-detail">
            <p class="name">Verify that the Query Generated successfully</p>
            <p class="text-sm">
              <span>5:46:58 PM</span> / <span>00:00:11:693</span>
              <span class="badge warning-bg log float-right">Warning</span>
            </p>
          </div>
          <div class="test-contents d-none">
<div class="detail-head">
<div class="p-v-10">
<div class="info">
<h5 class="test-status text-warning">Verify that the Query Generated successfully</h5>
<span class='badge badge-success'>02.19.2025 5:46:58 PM</span>
<span class='badge badge-danger'>02.19.2025 5:47:10 PM</span>
<span class='badge badge-default'>00:00:11:693</span>
&middot; <span class='uri-anchor badge badge-default'>#test-id=19</span>
<span title='Skip to the next failed step' class='badge badge-danger pointer float-right ne ml-1'><i class="fa fa-fast-forward"></i></span>
<span title='Collapse all nodes' class='badge badge-default pointer float-right ct ml-1'><i class="fa fa-compress"></i></span>
<span title='Expand all nodes' class='badge badge-default pointer float-right et'><i class="fa fa-expand"></i></span>
</div>
</div>
</div><div class="detail-body mt-4">
<table class="table table-sm">
  <thead><tr><th class="status-col">Status</th><th class="timestamp-col">Timestamp</th><th class="details-col">Details</th></tr></thead>
  <tbody>
      <tr class="event-row">
        <td><span class="badge log pass-bg">Pass</span></td>
        <td>5:47:09 PM</td>
        <td>
          Test Passed
        </td>
      </tr>
      <tr class="event-row">
        <td><span class="badge log warning-bg">Warning</span></td>
        <td>5:47:10 PM</td>
        <td>
          Screenshot capture failed: C:\Users\admin\Desktop\3wautomation\automation-mobile\src\test\resources\screenshots\verifyQueryCreatedSuccessfully.jpeg (The system cannot find the path specified)
        </td>
      </tr>
      <tr class="event-row">
        <td><span class="badge log pass-bg">Pass</span></td>
        <td>5:47:10 PM</td>
        <td>
          Test Passed
        </td>
      </tr>
  </tbody>
</table>
</div>
          </div>
        </li>
      </ul>
    </div>
  </div>
<div class="test-content scrollable">
<div class="test-content-tools">
<ul><li><a class="back-to-test" href="#"><i class="fa fa-arrow-left"></i></a></li></ul>
</div>
<div class="test-content-detail"><div class="detail-body"></div></div>
</div></div>
<div class="container-fluid p-4 view dashboard-view">
<div class="row">
<div class="col-md-3">
<div class="card"><div class="card-body">
<p class="m-b-0">Started</p>
<h3>Feb 19, 2025 05:46:15 PM</h3>
</div></div>
</div>
<div class="col-md-3">
<div class="card"><div class="card-body">
<p class="m-b-0">Ended</p>
<h3>Feb 19, 2025 05:47:11 PM</h3>
</div></div>
</div>
<div class="col-md-3">
<div class="card"><div class="card-body">
<p class="m-b-0 text-pass">Tests Passed</p>
<h3>0</h3>
</div></div>
</div>
<div class="col-md-3">
<div class="card"><div class="card-body">
<p class="m-b-0 text-fail">Tests Failed</p>
<h3>2</h3>
</div></div>
</div>
</div>
<div class="row">
<div class="col-md-6">
<div class="card">
<div class="card-header">
<h6 class="card-title">Tests</h6>
</div>
<div class="card-body">
<div class="">
<canvas id='parent-analysis' width='115' height='90'></canvas>
</div>
</div>
<div class="card-footer">
<div><small data-tooltip='0%'>
<b>0</b> tests passed
</small>
</div>
<div>
<small data-tooltip='10%'><b>2</b> tests failed,
<b>0</b> skipped, <b data-tooltip='89%'>17</b> others
</small>
</div>
</div>
</div>
</div>
<div class="col-md-6">
<div class="card">
<div class="card-header">
<h6 class="card-title">Log events</h6>
</div>
<div class="card-body">
<div class="">
<canvas id='events-analysis' width='115' height='90'></canvas>
</div>
</div>
<div class="card-footer">
<div><small data-tooltip='59%'><b>35</b> events passed</small></div>
<div>
<small data-tooltip='6%'><b>4</b> events failed,
<b data-tooltip='%'>20</b> others
</small>
</div>
</div>
</div>
</div>
</div>
<div class="row"><div class="col-md-12">
<div class="card"><div class="card-header"><p>Timeline</p></div>
<div class="card-body pt-0"><div>
<canvas id="timeline" height="120"></canvas>
</div></div>
</div>
</div></div>
<script>
var timeline = {
"Verify that user can see Enter Mobile Number Text on the Login screen":1.735,"Verify that the system not able to move forward with less than 10 digit":2.979,"Verify that the user can enter 10 digit mobile number in the Mobile Number field":2.338,"Verify that the user is able to land on the OTP Screen":1.905,"Verify that the system can not move forward with less than 5 digit OTP":2.938,"Verify that the user is able to move forward with correct OTP":3.067,"Verify that the user can click on the submit button And successfully land on the HomePage":1.713,"Verify that the setting Icon is present on the Homepage":3.106,"Verify that the profile Icon is present on the Homepage":2.52,"Verify that the Need Any Help tile is present on the screen":1.259,"Verify that the Find a Dealer tile is present on the screen":1.218,"Verify that the Vehicle_Services tile is present on the screen":1.054,"Verify that the Traingin and Troubleshooting tile is present on the screen":0.994,"Verify that the Referral tile is present on the screen":0.97,"Verify that the user can click on the Need Help tile is present on the screen":3.949,"Verify that the Back arrow is present on the Support screen":0.832,"Verify that the system is giving an error message if user is trying to create query without Title and Description":3.181,"Verify that the system is giving an error message if user is trying to create query without category and Description":4.939,"Verify that the Query Generated successfully":11.693
};
</script>
<div class="row">
<div class="col-lg-6 col-md-12 sysenv-container">
<div class="card">
<div class="card-header"><p>System/Environment</p></div>
<div class="card-body pb-0 pt-0"><table class="table table-sm table-bordered">
<thead><tr class="bg-gray"><th>Name</th><th>Value</th></tr></thead>
<tbody>
<tr>
<td>Tester</td>
<td>Mayur Martiwar</td>
</tr>
<tr>
<td>Project</td>
<td>Mobile App Testing - 3Wheeler</td>
</tr>
<tr>
<td>Environment</td>
<td>Dev</td>
</tr>
<tr>
<td>OS</td>
<td>Windows 11</td>
</tr>
<tr>
<td>Java Version</td>
<td>23.0.2</td>
</tr>
</tbody>
</table></div>
</div>
</div>
</div>
</div>
<script>
var statusGroup = {
parentCount: 5,
passParent: 0,
failParent: 2,
warningParent: 17,
skipParent: 0,
childCount: 5,
passChild: 0,
failChild: 0,
warningChild: 0,
skipChild: 0,
infoChild: 0,
grandChildCount: 5,
passGrandChild: 0,
failGrandChild: 0,
warningGrandChild: 0,
skipGrandChild: 0,
infoGrandChild: 0,
eventsCount: 5,
passEvents: 35,
failEvents: 4,
warningEvents: 19,
skipEvents: 0,
infoEvents: 1
};
</script>        </div>
      </div>
    </div>
  </div>
<script src="https://cdn.jsdelivr.net/gh/extent-framework/extent-github-cdn@ce8b10435bcbae260c334c0d0c6b61d2c19b6168/spark/js/spark-script.js"></script>
<script type="text/javascript"></script></body>
</html>